0 info it worked if it ends with ok
1 verbose cli [ 'C:\\Program Files\\nodejs\\node.exe',
1 verbose cli   'C:\\Program Files\\nodejs\\node_modules\\npm\\bin\\npm-cli.js',
1 verbose cli   'test' ]
2 info using npm@3.10.10
3 info using node@v6.10.3
4 verbose run-script [ 'pretest', 'test', 'posttest' ]
5 info lifecycle node-todo-api@1.0.0~pretest: node-todo-api@1.0.0
6 silly lifecycle node-todo-api@1.0.0~pretest: no script for pretest, continuing
7 info lifecycle node-todo-api@1.0.0~test: node-todo-api@1.0.0
8 verbose lifecycle node-todo-api@1.0.0~test: unsafe-perm in lifecycle true
9 verbose lifecycle node-todo-api@1.0.0~test: PATH: C:\Program Files\nodejs\node_modules\npm\bin\node-gyp-bin;E:\Node Project\node-todo-api\node_modules\.bin;C:\Program Files (x86)\Common Files\Intel\Shared Files\cpp\bin\Intel64;C:\ProgramData\Oracle\Java\javapath;C:\WINDOWS\system32;C:\WINDOWS;C:\WINDOWS\System32\Wbem;C:\WINDOWS\System32\WindowsPowerShell\v1.0\;C:\Program Files (x86)\QT Lite\QTSystem;E:\xampp\php;C:\ProgramData\ComposerSetup\bin;C:\Program Files\SourceGear\Common\DiffMerge\;C:\HashiCorp\Vagrant\bin;C:\Program Files\nodejs\;C:\Program Files\Git\cmd;C:\Users\Wildan\AppData\Local\Microsoft\WindowsApps;C:\Users\Wildan\AppData\Roaming\Composer\vendor\bin;C:\Users\Wildan\AppData\Roaming\npm;C:\Program Files\Heroku\bin;;C:\Program Files\Microsoft VS Code\bin
10 verbose lifecycle node-todo-api@1.0.0~test: CWD: E:\Node Project\node-todo-api
11 silly lifecycle node-todo-api@1.0.0~test: Args: [ '/d /s /c',
11 silly lifecycle   'export NODE_ENV=test || SET "NODE_ENV=test" && mocha server/**/*.test.js' ]
12 verbose stack Error: kill ENOSYS
12 verbose stack     at exports._errnoException (util.js:1018:11)
12 verbose stack     at process.kill (internal/process.js:190:13)
12 verbose stack     at process.listener (C:\Program Files\nodejs\node_modules\npm\node_modules\npmlog\node_modules\gauge\node_modules\signal-exit\index.js:86:15)
12 verbose stack     at emitNone (events.js:91:20)
12 verbose stack     at process.emit (events.js:185:7)
12 verbose stack     at processEmit (C:\Program Files\nodejs\node_modules\npm\node_modules\npmlog\node_modules\gauge\node_modules\signal-exit\index.js:146:32)
12 verbose stack     at processEmit (C:\Program Files\nodejs\node_modules\npm\node_modules\npm-registry-client\node_modules\npmlog\node_modules\gauge\node_modules\signal-exit\index.js:146:32)
12 verbose stack     at Signal.wrap.onsignal (internal/process.js:217:44)
13 verbose cwd E:\Node Project\node-todo-api
14 error Windows_NT 10.0.15063
15 error argv "C:\\Program Files\\nodejs\\node.exe" "C:\\Program Files\\nodejs\\node_modules\\npm\\bin\\npm-cli.js" "test"
16 error node v6.10.3
17 error npm  v3.10.10
18 error code ENOSYS
19 error errno ENOSYS
20 error syscall kill
21 error kill ENOSYS
22 error If you need help, you may report this error at:
22 error     <https://github.com/npm/npm/issues>
23 verbose exit [ 1, true ]
